<?xml version="1.0" encoding="UTF-8"?>
<robot generator="Robot 7.4.2 (Python 3.14.4 on win32)" generated="2026-04-28T06:44:55.006175" rpa="false" schemaversion="5">
<suite id="s1" name="Tests" source="C:\Users\HP\Documents\RobotFramework\tests">
<suite id="s1-s1" name="TestSuit" source="C:\Users\HP\Documents\RobotFramework\tests\TestSuit">
<suite id="s1-s1-s1" name="Assignment1" source="C:\Users\HP\Documents\RobotFramework\tests\TestSuit\Assignment1.robot">
<test id="s1-s1-s1-t1" name="Comprehensive Selenium Interaction Test" line="13">
<kw name="Open Browser">
<msg time="2026-04-28T06:44:55.109957" level="FAIL">No keyword with name 'Open Browser' found.</msg>
<arg>${URL}</arg>
<arg>${BROWSER}</arg>
<status status="FAIL" start="2026-04-28T06:44:55.109726" elapsed="0.000414">No keyword with name 'Open Browser' found.</status>
</kw>
<kw name="Maximize Browser Window">
<status status="NOT RUN" start="2026-04-28T06:44:55.110984" elapsed="0.000129"/>
</kw>
<kw name="Element Should Be Visible">
<arg>id=username</arg>
<status status="NOT RUN" start="2026-04-28T06:44:55.112601" elapsed="0.000069"/>
</kw>
<kw name="Log To Console" owner="BuiltIn">
<arg>Verified: Username field is visible.</arg>
<doc>Logs the given message to the console.</doc>
<status status="NOT RUN" start="2026-04-28T06:44:55.113329" elapsed="0.000057"/>
</kw>
<kw name="Input Text">
<arg>id=username</arg>
<arg>${USERNAME}</arg>
<status status="NOT RUN" start="2026-04-28T06:44:55.113945" elapsed="0.000078"/>
</kw>
<kw name="Input Password">
<arg>id=password</arg>
<arg>${PASSWORD}</arg>
<status status="NOT RUN" start="2026-04-28T06:44:55.114504" elapsed="0.000068"/>
</kw>
<kw name="Element Should Be Enabled">
<arg>css=button[type='submit']</arg>
<status status="NOT RUN" start="2026-04-28T06:44:55.115087" elapsed="0.000071"/>
</kw>
<kw name="Log To Console" owner="BuiltIn">
<arg>Verified: Login button is enabled.</arg>
<doc>Logs the given message to the console.</doc>
<status status="NOT RUN" start="2026-04-28T06:44:55.115600" elapsed="0.000087"/>
</kw>
<kw name="Click Button">
<arg>css=button[type='submit']</arg>
<status status="NOT RUN" start="2026-04-28T06:44:55.116694" elapsed="0.000085"/>
</kw>
<kw name="Wait Until Page Contains">
<arg>You logged into a secure area!</arg>
<status status="NOT RUN" start="2026-04-28T06:44:55.117872" elapsed="0.000209"/>
</kw>
<kw name="Click Link">
<arg>link=Elemental Selenium</arg>
<status status="NOT RUN" start="2026-04-28T06:44:55.118548" elapsed="0.000042"/>
</kw>
<kw name="Switch Window">
<arg>main</arg>
<status status="NOT RUN" start="2026-04-28T06:44:55.119078" elapsed="0.000062"/>
</kw>
<kw name="Click Element">
<arg>css=.flash.success</arg>
<status status="NOT RUN" start="2026-04-28T06:44:55.119588" elapsed="0.000062"/>
</kw>
<kw name="Capture Page Screenshot">
<arg>final_state.png</arg>
<status status="NOT RUN" start="2026-04-28T06:44:55.120292" elapsed="0.000078"/>
</kw>
<kw name="Log Test completed successfully. Screenshot saved.">
<status status="NOT RUN" start="2026-04-28T06:44:55.121083" elapsed="0.000071"/>
</kw>
<kw name="Close Browser" type="TEARDOWN">
<msg time="2026-04-28T06:44:55.127461" level="FAIL">No keyword with name 'Close Browser' found.</msg>
<status status="FAIL" start="2026-04-28T06:44:55.127276" elapsed="0.001024">No keyword with name 'Close Browser' found.</status>
</kw>
<doc>Execution of common Selenium actions in a single flow.</doc>
<status status="FAIL" start="2026-04-28T06:44:55.104637" elapsed="0.030395">No keyword with name 'Open Browser' found.

Also teardown failed:
No keyword with name 'Close Browser' found.</status>
</test>
<doc>A test suite covering essential SeleniumLibrary keywords.</doc>
<status status="FAIL" start="2026-04-28T06:44:55.098916" elapsed="0.040714"/>
</suite>
<suite id="s1-s1-s2" name="Assignment2" source="C:\Users\HP\Documents\RobotFramework\tests\TestSuit\Assignment2.robot">
<test id="s1-s1-s2-t1" name="Validate Login Page UI" line="13">
<status status="FAIL" start="2026-04-28T06:44:55.153571" elapsed="0.000856">Test cannot be empty.</status>
</test>
<test id="s1-s1-s2-t2" name="[Tags] smoke ui" line="14">
<status status="FAIL" start="2026-04-28T06:44:55.155441" elapsed="0.000699">Test cannot be empty.</status>
</test>
<test id="s1-s1-s2-t3" name="Validate Login Page Elements" line="15">
<status status="FAIL" start="2026-04-28T06:44:55.162090" elapsed="0.001733">Test cannot be empty.</status>
</test>
<test id="s1-s1-s2-t4" name="Login And Validate Dashboard" line="17">
<status status="FAIL" start="2026-04-28T06:44:55.165197" elapsed="0.000630">Test cannot be empty.</status>
</test>
<test id="s1-s1-s2-t5" name="[Tags] regression" line="18">
<status status="FAIL" start="2026-04-28T06:44:55.167800" elapsed="0.005301">Test cannot be empty.</status>
</test>
<test id="s1-s1-s2-t6" name="Validate Login Page Elements" line="19">
<status status="FAIL" start="2026-04-28T06:44:55.174183" elapsed="0.000904">Test cannot be empty.</status>
</test>
<test id="s1-s1-s2-t7" name="Login With Valid Credentials" line="20">
<status status="FAIL" start="2026-04-28T06:44:55.175919" elapsed="0.000725">Test cannot be empty.</status>
</test>
<test id="s1-s1-s2-t8" name="Validate Successful Login" line="21">
<status status="FAIL" start="2026-04-28T06:44:55.177622" elapsed="0.000800">Test cannot be empty.</status>
</test>
<status status="FAIL" start="2026-04-28T06:44:55.146950" elapsed="0.032804"/>
</suite>
<suite id="s1-s1-s3" name="Assignment3" source="C:\Users\HP\Documents\RobotFramework\tests\TestSuit\Assignment3.robot">
<test id="s1-s1-s3-t1" name="Handle Dropdown Menu Options" line="12">
<kw name="Open Browser">
<msg time="2026-04-28T06:44:55.194416" level="FAIL">No keyword with name 'Open Browser' found.</msg>
<arg>${URL}</arg>
<arg>${BROWSER}</arg>
<status status="FAIL" start="2026-04-28T06:44:55.194363" elapsed="0.000116">No keyword with name 'Open Browser' found.</status>
</kw>
<kw name="Maximize Browser Window">
<status status="NOT RUN" start="2026-04-28T06:44:55.195059" elapsed="0.000086"/>
</kw>
<kw name="Set Selenium Speed">
<arg>0.5 seconds</arg>
<status status="NOT RUN" start="2026-04-28T06:44:55.195609" elapsed="0.000039"/>
</kw>
<kw name="Select From List By Index">
<arg>${DROPDOWN}</arg>
<arg>1</arg>
<status status="NOT RUN" start="2026-04-28T06:44:55.196617" elapsed="0.000061"/>
</kw>
<kw name="List Selection Should Be">
<arg>${DROPDOWN}</arg>
<arg>Option 1</arg>
<status status="NOT RUN" start="2026-04-28T06:44:55.197151" elapsed="0.000050"/>
</kw>
<kw name="Select From List By Value">
<arg>${DROPDOWN}</arg>
<arg>2</arg>
<status status="NOT RUN" start="2026-04-28T06:44:55.197647" elapsed="0.000070"/>
</kw>
<kw name="List Selection Should Be">
<arg>${DROPDOWN}</arg>
<arg>Option 2</arg>
<status status="NOT RUN" start="2026-04-28T06:44:55.198223" elapsed="0.000072"/>
</kw>
<kw name="Select From List By Label">
<arg>${DROPDOWN}</arg>
<arg>Option 1</arg>
<status status="NOT RUN" start="2026-04-28T06:44:55.198779" elapsed="0.000056"/>
</kw>
<kw name="List Selection Should Be">
<arg>${DROPDOWN}</arg>
<arg>Option 1</arg>
<status status="NOT RUN" start="2026-04-28T06:44:55.199570" elapsed="0.000107"/>
</kw>
<kw name="Close Browser" type="TEARDOWN">
<msg time="2026-04-28T06:44:55.202835" level="FAIL">No keyword with name 'Close Browser' found.</msg>
<status status="FAIL" start="2026-04-28T06:44:55.202766" elapsed="0.000140">No keyword with name 'Close Browser' found.</status>
</kw>
<doc>Test selecting dropdown options by Index, Value, and Label.</doc>
<status status="FAIL" start="2026-04-28T06:44:55.191293" elapsed="0.011845">No keyword with name 'Open Browser' found.

Also teardown failed:
No keyword with name 'Close Browser' found.</status>
</test>
<status status="FAIL" start="2026-04-28T06:44:55.181359" elapsed="0.023515"/>
</suite>
<suite id="s1-s1-s4" name="Assignment3Handledropdownandframes" source="C:\Users\HP\Documents\RobotFramework\tests\TestSuit\Assignment3Handledropdownandframes.robot">
<test id="s1-s1-s4-t1" name="Execute Selenium Advanced Elements" line="12">
<kw name="Open Browser">
<msg time="2026-04-28T06:44:55.228833" level="FAIL">No keyword with name 'Open Browser' found.</msg>
<arg>${URL_GOOGLE}</arg>
<arg>${BROWSER}</arg>
<status status="FAIL" start="2026-04-28T06:44:55.228770" elapsed="0.000134">No keyword with name 'Open Browser' found.</status>
</kw>
<kw name="Maximize Browser Window">
<status status="NOT RUN" start="2026-04-28T06:44:55.229405" elapsed="0.000037"/>
</kw>
<kw name="Execute Javascript">
<arg>window.scrollTo(0, document.body.scrollHeight)</arg>
<status status="NOT RUN" start="2026-04-28T06:44:55.230035" elapsed="0.000067"/>
</kw>
<kw name="Get Element Count">
<var>${link_count}</var>
<arg>xpath://a</arg>
<status status="NOT RUN" start="2026-04-28T06:44:55.230696" elapsed="0.000062"/>
</kw>
<kw name="Log To Console" owner="BuiltIn">
<arg>Total links found: ${link_count}</arg>
<doc>Logs the given message to the console.</doc>
<status status="NOT RUN" start="2026-04-28T06:44:55.231230" elapsed="0.000081"/>
</kw>
<kw name="Get Text">
<var>${btn_text}</var>
<arg>xpath://div[@class='Kz9H9e']//div[1]</arg>
<status status="NOT RUN" start="2026-04-28T06:44:55.231798" elapsed="0.000045"/>
</kw>
<kw name="Log To Console" owner="BuiltIn">
<arg>Button text is: ${btn_text}</arg>
<doc>Logs the given message to the console.</doc>
<status status="NOT RUN" start="2026-04-28T06:44:55.232322" elapsed="0.000081"/>
</kw>
<kw name="Input Text">
<arg>name:q</arg>
<arg>Robot Framework</arg>
<status status="NOT RUN" start="2026-04-28T06:44:55.233337" elapsed="0.000173"/>
</kw>
<kw name="Get Value">
<var>${search_val}</var>
<arg>name:q</arg>
<status status="NOT RUN" start="2026-04-28T06:44:55.234663" elapsed="0.000093"/>
</kw>
<kw name="Log To Console" owner="BuiltIn">
<arg>Input value is: ${search_val}</arg>
<doc>Logs the given message to the console.</doc>
<status status="NOT RUN" start="2026-04-28T06:44:55.235368" elapsed="0.000563"/>
</kw>
<kw name="Get Element Attribute">
<var>${attr}</var>
<arg>name:q</arg>
<arg>type</arg>
<status status="NOT RUN" start="2026-04-28T06:44:55.237422" elapsed="0.000097"/>
</kw>
<kw name="Log To Console" owner="BuiltIn">
<arg>Attribute type is: ${attr}</arg>
<doc>Logs the given message to the console.</doc>
<status status="NOT RUN" start="2026-04-28T06:44:55.238176" elapsed="0.000060"/>
</kw>
<kw name="Page Should Contain">
<arg>Images</arg>
<status status="NOT RUN" start="2026-04-28T06:44:55.238688" elapsed="0.000052"/>
</kw>
<kw name="Close Browser" type="TEARDOWN">
<msg time="2026-04-28T06:44:55.245412" level="FAIL">No keyword with name 'Close Browser' found.</msg>
<status status="FAIL" start="2026-04-28T06:44:55.245319" elapsed="0.000188">No keyword with name 'Close Browser' found.</status>
</kw>
<doc>Testing Text, Values, Attributes, and JS Execution</doc>
<status status="FAIL" start="2026-04-28T06:44:55.222627" elapsed="0.023211">No keyword with name 'Open Browser' found.

Also teardown failed:
No keyword with name 'Close Browser' found.</status>
</test>
<test id="s1-s1-s4-t2" name="Handle Dropdowns" line="44">
<kw name="Open Browser">
<msg time="2026-04-28T06:44:55.249055" level="FAIL">No keyword with name 'Open Browser' found.</msg>
<arg>${URL_DROPDOWN}</arg>
<arg>${BROWSER}</arg>
<status status="FAIL" start="2026-04-28T06:44:55.248993" elapsed="0.000131">No keyword with name 'Open Browser' found.</status>
</kw>
<kw name="Select From List By Index">
<arg>id:dropdown</arg>
<arg>1</arg>
<status status="NOT RUN" start="2026-04-28T06:44:55.250097" elapsed="0.000251"/>
</kw>
<kw name="Select From List By Value">
<arg>id:dropdown</arg>
<arg>2</arg>
<status status="NOT RUN" start="2026-04-28T06:44:55.251318" elapsed="0.000054"/>
</kw>
<kw name="Select From List By Label">
<arg>id:dropdown</arg>
<arg>Option 1</arg>
<status status="NOT RUN" start="2026-04-28T06:44:55.251787" elapsed="0.000041"/>
</kw>
<kw name="Close Browser" type="TEARDOWN">
<msg time="2026-04-28T06:44:55.253457" level="FAIL">No keyword with name 'Close Browser' found.</msg>
<status status="FAIL" start="2026-04-28T06:44:55.253397" elapsed="0.000130">No keyword with name 'Close Browser' found.</status>
</kw>
<doc>Testing Index, Value, and Label selections</doc>
<status status="FAIL" start="2026-04-28T06:44:55.246971" elapsed="0.006834">No keyword with name 'Open Browser' found.

Also teardown failed:
No keyword with name 'Close Browser' found.</status>
</test>
<test id="s1-s1-s4-t3" name="Handle Frames and Windows" line="59">
<kw name="Open Browser">
<msg time="2026-04-28T06:44:55.260848" level="FAIL">No keyword with name 'Open Browser' found.</msg>
<arg>${URL_FRAMES}</arg>
<arg>${BROWSER}</arg>
<status status="FAIL" start="2026-04-28T06:44:55.260774" elapsed="0.000160">No keyword with name 'Open Browser' found.</status>
</kw>
<kw name="Click Link">
<arg>iFrame</arg>
<status status="NOT RUN" start="2026-04-28T06:44:55.261453" elapsed="0.000067"/>
</kw>
<kw name="Select Frame">
<arg>id:mce_0_ifr</arg>
<status status="NOT RUN" start="2026-04-28T06:44:55.261970" elapsed="0.000048"/>
</kw>
<kw name="Input Text">
<arg>id:tinymce</arg>
<arg>Hello from inside the frame!</arg>
<status status="NOT RUN" start="2026-04-28T06:44:55.262479" elapsed="0.000042"/>
</kw>
<kw name="Unselect Frame">
<status status="NOT RUN" start="2026-04-28T06:44:55.262877" elapsed="0.000040"/>
</kw>
<kw name="Execute Javascript">
<arg>window.open('https://www.bing.com')</arg>
<status status="NOT RUN" start="2026-04-28T06:44:55.263303" elapsed="0.000038"/>
</kw>
<kw name="Switch Window">
<arg>title:Bing</arg>
<status status="NOT RUN" start="2026-04-28T06:44:55.263630" elapsed="0.000049"/>
</kw>
<kw name="Log To Console" owner="BuiltIn">
<arg>Switched to Bing</arg>
<doc>Logs the given message to the console.</doc>
<status status="NOT RUN" start="2026-04-28T06:44:55.264047" elapsed="0.000042"/>
</kw>
<kw name="qac # 4. Close Window (Closes current active window)">
<status status="NOT RUN" start="2026-04-28T06:44:55.264541" elapsed="0.000065"/>
</kw>
<kw name="Close Window">
<status status="NOT RUN" start="2026-04-28T06:44:55.265209" elapsed="0.000040"/>
</kw>
<kw name="Switch Window">
<arg>main</arg>
<status status="NOT RUN" start="2026-04-28T06:44:55.265582" elapsed="0.000036"/>
</kw>
<kw name="Close Browser" type="TEARDOWN">
<msg time="2026-04-28T06:44:55.267876" level="FAIL">No keyword with name 'Close Browser' found.</msg>
<status status="FAIL" start="2026-04-28T06:44:55.267789" elapsed="0.000195">No keyword with name 'Close Browser' found.</status>
</kw>
<doc>Testing Select/Unselect Frame and Window switching</doc>
<status status="FAIL" start="2026-04-28T06:44:55.255011" elapsed="0.013611">No keyword with name 'Open Browser' found.

Also teardown failed:
No keyword with name 'Close Browser' found.</status>
</test>
<status status="FAIL" start="2026-04-28T06:44:55.213574" elapsed="0.056333"/>
</suite>
<suite id="s1-s1-s5" name="Assignment4allkeywords" source="C:\Users\HP\Documents\RobotFramework\tests\TestSuit\Assignment4allkeywords.robot">
<test id="s1-s1-s5-t1" name="Master Selenium Keyword Demo" line="13">
<kw name="Open Browser">
<msg time="2026-04-28T06:44:55.288976" level="FAIL">No keyword with name 'Open Browser' found.</msg>
<arg>${URL}</arg>
<arg>${BROWSER}</arg>
<status status="FAIL" start="2026-04-28T06:44:55.288897" elapsed="0.000171">No keyword with name 'Open Browser' found.</status>
</kw>
<kw name="Maximize Browser Window">
<status status="NOT RUN" start="2026-04-28T06:44:55.289514" elapsed="0.000056"/>
</kw>
<kw name="Set Selenium Speed">
<arg>0.2 seconds</arg>
<status status="NOT RUN" start="2026-04-28T06:44:55.290266" elapsed="0.000047"/>
</kw>
<kw name="Select Checkbox">
<arg>xpath=(//input[@type='checkbox'])[1]</arg>
<status status="NOT RUN" start="2026-04-28T06:44:55.295155" elapsed="0.000057"/>
</kw>
<kw name="Checkbox Should Be Selected">
<arg>xpath=(//input[@type='checkbox'])[1]</arg>
<status status="NOT RUN" start="2026-04-28T06:44:55.295742" elapsed="0.000069"/>
</kw>
<kw name="Unselect Checkbox">
<arg>xpath=(//input[@type='checkbox'])[1]</arg>
<status status="NOT RUN" start="2026-04-28T06:44:55.296437" elapsed="0.000069"/>
</kw>
<kw name="Go To">
<arg>${LOGIN_URL}</arg>
<status status="NOT RUN" start="2026-04-28T06:44:55.297052" elapsed="0.000067"/>
</kw>
<kw name="Input Text">
<arg>id=username</arg>
<arg>tomsmith</arg>
<status status="NOT RUN" start="2026-04-28T06:44:55.297753" elapsed="0.000070"/>
</kw>
<kw name="Input Password">
<arg>id=password</arg>
<arg>SuperSecretPassword!</arg>
<status status="NOT RUN" start="2026-04-28T06:44:55.298772" elapsed="0.000065"/>
</kw>
<kw name="Element Should Be Visible">
<arg>css:button[type="submit"]</arg>
<status status="NOT RUN" start="2026-04-28T06:44:55.300633" elapsed="0.000061"/>
</kw>
<kw name="Element Text Should Be">
<arg>tag:h2</arg>
<arg>Login Page</arg>
<status status="NOT RUN" start="2026-04-28T06:44:55.301253" elapsed="0.000214"/>
</kw>
<kw name="Page Should Contain">
<arg>This is where you can log into the secure area</arg>
<status status="NOT RUN" start="2026-04-28T06:44:55.301974" elapsed="0.000055"/>
</kw>
<kw name="Click Button">
<arg>class:radius</arg>
<status status="NOT RUN" start="2026-04-28T06:44:55.302386" elapsed="0.000049"/>
</kw>
<kw name="Wait Until Page Contains">
<arg>You logged into a secure area!</arg>
<status status="NOT RUN" start="2026-04-28T06:44:55.302844" elapsed="0.000059"/>
</kw>
<kw name="Mouse Over">
<arg>id=page-footer</arg>
<status status="NOT RUN" start="2026-04-28T06:44:55.303261" elapsed="0.000093"/>
</kw>
<kw name="Execute Javascript">
<arg>window.scrollTo(0, document.body.scrollHeight)</arg>
<status status="NOT RUN" start="2026-04-28T06:44:55.303729" elapsed="0.000058"/>
</kw>
<kw name="Log" owner="BuiltIn">
<arg>Test reached final validation stage.</arg>
<doc>Logs the given message with the given level.</doc>
<status status="NOT RUN" start="2026-04-28T06:44:55.304183" elapsed="0.000042"/>
</kw>
<kw name="Log To Console" owner="BuiltIn">
<arg>Capturing final screenshot...</arg>
<doc>Logs the given message to the console.</doc>
<status status="NOT RUN" start="2026-04-28T06:44:55.304751" elapsed="0.000039"/>
</kw>
<kw name="Capture Page Screenshot">
<arg>master_test_result.png</arg>
<status status="NOT RUN" start="2026-04-28T06:44:55.305153" elapsed="0.000051"/>
</kw>
<kw name="Close All Browsers" type="TEARDOWN">
<msg time="2026-04-28T06:44:55.311132" level="FAIL">No keyword with name 'Close All Browsers' found.</msg>
<status status="FAIL" start="2026-04-28T06:44:55.311063" elapsed="0.000140">No keyword with name 'Close All Browsers' found.</status>
</kw>
<doc>Covers Navigation, Forms, Assertions, and Browser Control.</doc>
<status status="FAIL" start="2026-04-28T06:44:55.286137" elapsed="0.025316">No keyword with name 'Open Browser' found.

Also teardown failed:
No keyword with name 'Close All Browsers' found.</status>
</test>
<doc>A master suite covering major SeleniumLibrary keyword categories.</doc>
<status status="FAIL" start="2026-04-28T06:44:55.271853" elapsed="0.040988"/>
</suite>
<suite id="s1-s1-s6" name="Assignment4createdirectoryandcopyfiles" source="C:\Users\HP\Documents\RobotFramework\tests\TestSuit\Assignment4createdirectoryandcopyfiles.robot">
<test id="s1-s1-s6-t1" name="File System and Selenium Operations" line="15">
<kw name="Create Directory" owner="OperatingSystem">
<msg time="2026-04-28T06:44:55.371511" level="INFO" html="true">Created directory '&lt;a href="file://C:\Users\HP\Documents\RobotFramework\tests\TestSuit\Test_Folder\Backup"&gt;C:\Users\HP\Documents\RobotFramework\tests\TestSuit\Test_Folder\Backup&lt;/a&gt;'.</msg>
<arg>${SUB_DIR}</arg>
<doc>Creates the specified directory.</doc>
<status status="PASS" start="2026-04-28T06:44:55.370346" elapsed="0.001348"/>
</kw>
<kw name="Directory Should Exist" owner="OperatingSystem">
<msg time="2026-04-28T06:44:55.372532" level="INFO" html="true">Directory '&lt;a href="file://C:\Users\HP\Documents\RobotFramework\tests\TestSuit\Test_Folder\Backup"&gt;C:\Users\HP\Documents\RobotFramework\tests\TestSuit\Test_Folder\Backup&lt;/a&gt;' exists.</msg>
<arg>${SUB_DIR}</arg>
<doc>Fails unless the given path points to an existing directory.</doc>
<status status="PASS" start="2026-04-28T06:44:55.372081" elapsed="0.000540"/>
</kw>
<kw name="Create File" owner="OperatingSystem">
<msg time="2026-04-28T06:44:55.374000" level="INFO" html="true">Created file '&lt;a href="file://C:\Users\HP\Documents\RobotFramework\tests\TestSuit\Test_Folder\sample.txt"&gt;C:\Users\HP\Documents\RobotFramework\tests\TestSuit\Test_Folder\sample.txt&lt;/a&gt;'.</msg>
<arg>${SOURCE_FILE}</arg>
<arg>This is the content of the source file.</arg>
<doc>Creates a file with the given content and encoding.</doc>
<status status="PASS" start="2026-04-28T06:44:55.372949" elapsed="0.001235"/>
</kw>
<kw name="File Should Exist" owner="OperatingSystem">
<msg time="2026-04-28T06:44:55.375360" level="INFO" html="true">File '&lt;a href="file://C:\Users\HP\Documents\RobotFramework\tests\TestSuit\Test_Folder\sample.txt"&gt;C:\Users\HP\Documents\RobotFramework\tests\TestSuit\Test_Folder\sample.txt&lt;/a&gt;' exists.</msg>
<arg>${SOURCE_FILE}</arg>
<doc>Fails unless the given ``path`` points to an existing file.</doc>
<status status="PASS" start="2026-04-28T06:44:55.374608" elapsed="0.000927"/>
</kw>
<kw name="Copy File" owner="OperatingSystem">
<msg time="2026-04-28T06:44:55.395094" level="INFO" html="true">Copied file from '&lt;a href="file://C:\Users\HP\Documents\RobotFramework\tests\TestSuit\Test_Folder\sample.txt"&gt;C:\Users\HP\Documents\RobotFramework\tests\TestSuit\Test_Folder\sample.txt&lt;/a&gt;' to '&lt;a href="file://C:\Users\HP\Documents\RobotFramework\tests\TestSuit\Test_Folder\Backup\copied_sample.txt"&gt;C:\Users\HP\Documents\RobotFramework\tests\TestSuit\Test_Folder\Backup\copied_sample.txt&lt;/a&gt;'.</msg>
<arg>${SOURCE_FILE}</arg>
<arg>${DESTINATION}</arg>
<doc>Copies the source file into the destination.</doc>
<status status="PASS" start="2026-04-28T06:44:55.376191" elapsed="0.019071"/>
</kw>
<kw name="File Should Exist" owner="OperatingSystem">
<msg time="2026-04-28T06:44:55.396251" level="INFO" html="true">File '&lt;a href="file://C:\Users\HP\Documents\RobotFramework\tests\TestSuit\Test_Folder\Backup\copied_sample.txt"&gt;C:\Users\HP\Documents\RobotFramework\tests\TestSuit\Test_Folder\Backup\copied_sample.txt&lt;/a&gt;' exists.</msg>
<arg>${DESTINATION}</arg>
<doc>Fails unless the given ``path`` points to an existing file.</doc>
<status status="PASS" start="2026-04-28T06:44:55.395702" elapsed="0.000687"/>
</kw>
<kw name="Log To Console" owner="BuiltIn">
<arg>\nDirectory and Copy operations successful!</arg>
<doc>Logs the given message to the console.</doc>
<status status="PASS" start="2026-04-28T06:44:55.396847" elapsed="0.001084"/>
</kw>
<kw name="Open Browser">
<msg time="2026-04-28T06:44:55.400747" level="FAIL">No keyword with name 'Open Browser' found.</msg>
<arg>https://the-internet.herokuapp.com/upload</arg>
<arg>${BROWSER}</arg>
<status status="FAIL" start="2026-04-28T06:44:55.400590" elapsed="0.000332">No keyword with name 'Open Browser' found.</status>
</kw>
<kw name="Choose File">
<arg>id:file-upload</arg>
<arg>${DESTINATION}</arg>
<status status="NOT RUN" start="2026-04-28T06:44:55.402577" elapsed="0.000060"/>
</kw>
<kw name="Click Button">
<arg>id:file-submit</arg>
<status status="NOT RUN" start="2026-04-28T06:44:55.403219" elapsed="0.000046"/>
</kw>
<kw name="Page Should Contain">
<arg>File Uploaded!</arg>
<status status="NOT RUN" start="2026-04-28T06:44:55.403628" elapsed="0.000050"/>
</kw>
<kw name="Clean Up And Close" type="TEARDOWN">
<kw name="Remove Directory" owner="OperatingSystem">
<msg time="2026-04-28T06:44:55.410388" level="INFO" html="true">Removed directory '&lt;a href="file://C:\Users\HP\Documents\RobotFramework\tests\TestSuit\Test_Folder"&gt;C:\Users\HP\Documents\RobotFramework\tests\TestSuit\Test_Folder&lt;/a&gt;'.</msg>
<arg>${BASE_DIR}</arg>
<arg>recursive=True</arg>
<doc>Removes the directory pointed to by the given ``path``.</doc>
<status status="PASS" start="2026-04-28T06:44:55.405127" elapsed="0.005461"/>
</kw>
<kw name="Close Browser">
<msg time="2026-04-28T06:44:55.414068" level="FAIL">No keyword with name 'Close Browser' found.</msg>
<status status="FAIL" start="2026-04-28T06:44:55.413965" elapsed="0.000184">No keyword with name 'Close Browser' found.</status>
</kw>
<status status="FAIL" start="2026-04-28T06:44:55.404467" elapsed="0.009889">No keyword with name 'Close Browser' found.</status>
</kw>
<doc>Test case to create directories, write files, and copy them.</doc>
<status status="FAIL" start="2026-04-28T06:44:55.368998" elapsed="0.045680">No keyword with name 'Open Browser' found.

Also teardown failed:
No keyword with name 'Close Browser' found.</status>
</test>
<status status="FAIL" start="2026-04-28T06:44:55.314891" elapsed="0.100911"/>
</suite>
<suite id="s1-s1-s7" name="Assignment4HandleFailure" source="C:\Users\HP\Documents\RobotFramework\tests\TestSuit\Assignment4HandleFailure.robot">
<test id="s1-s1-s7-t1" name="Handle Expected Failure Example" line="13">
<kw name="Open Browser">
<msg time="2026-04-28T06:44:55.432257" level="FAIL">No keyword with name 'Open Browser' found.</msg>
<arg>${URL}</arg>
<arg>${BROWSER}</arg>
<status status="FAIL" start="2026-04-28T06:44:55.432204" elapsed="0.000121">No keyword with name 'Open Browser' found.</status>
</kw>
<kw name="Maximize Browser Window">
<status status="NOT RUN" start="2026-04-28T06:44:55.432951" elapsed="0.000093"/>
</kw>
<kw name="Run Keyword And Ignore Error" owner="BuiltIn">
<var>${status}</var>
<var>${message}</var>
<arg>Click Element</arg>
<arg>${NON_EXISTENT}</arg>
<doc>Runs the given keyword with the given arguments and ignores possible error.</doc>
<status status="NOT RUN" start="2026-04-28T06:44:55.434651" elapsed="0.000067"/>
</kw>
<kw name="Log To Console" owner="BuiltIn">
<arg>\nExecution Status: ${status}</arg>
<doc>Logs the given message to the console.</doc>
<status status="NOT RUN" start="2026-04-28T06:44:55.435271" elapsed="0.000061"/>
</kw>
<kw name="Log To Console" owner="BuiltIn">
<arg>Error Message Received: ${message}</arg>
<doc>Logs the given message to the console.</doc>
<status status="NOT RUN" start="2026-04-28T06:44:55.435795" elapsed="0.000078"/>
</kw>
<if>
<branch type="IF" condition="'${status}' == 'FAIL'">
<kw name="Log To Console" owner="BuiltIn">
<arg>The element wasn't found, but I'm still running!</arg>
<doc>Logs the given message to the console.</doc>
<status status="NOT RUN" start="2026-04-28T06:44:55.436736" elapsed="0.000052"/>
</kw>
<kw name="Click Element">
<arg>${EXISTING}</arg>
<status status="NOT RUN" start="2026-04-28T06:44:55.437040" elapsed="0.000043"/>
</kw>
<kw name="Log To Console" owner="BuiltIn">
<arg>Successfully clicked the fallback element.</arg>
<doc>Logs the given message to the console.</doc>
<status status="NOT RUN" start="2026-04-28T06:44:55.437277" elapsed="0.000046"/>
</kw>
<status status="NOT RUN" start="2026-04-28T06:44:55.436449" elapsed="0.000956"/>
</branch>
<branch type="ELSE">
<kw name="Log To Console" owner="BuiltIn">
<arg>The element was actually found!</arg>
<doc>Logs the given message to the console.</doc>
<status status="NOT RUN" start="2026-04-28T06:44:55.437701" elapsed="0.000044"/>
</kw>
<status status="NOT RUN" start="2026-04-28T06:44:55.437508" elapsed="0.000321"/>
</branch>
<status status="NOT RUN" start="2026-04-28T06:44:55.436367" elapsed="0.001526"/>
</if>
<kw name="Page Should Contain">
<arg>Checkboxes</arg>
<status status="NOT RUN" start="2026-04-28T06:44:55.438341" elapsed="0.000046"/>
</kw>
<kw name="Close Browser" type="TEARDOWN">
<msg time="2026-04-28T06:44:55.444243" level="FAIL">No keyword with name 'Close Browser' found.</msg>
<status status="FAIL" start="2026-04-28T06:44:55.444172" elapsed="0.000141">No keyword with name 'Close Browser' found.</status>
</kw>
<doc>Demonstrates how to ignore an error and take action based on the result.</doc>
<status status="FAIL" start="2026-04-28T06:44:55.429913" elapsed="0.014762">No keyword with name 'Open Browser' found.

Also teardown failed:
No keyword with name 'Close Browser' found.</status>
</test>
<status status="FAIL" start="2026-04-28T06:44:55.418720" elapsed="0.027242"/>
</suite>
<suite id="s1-s1-s8" name="Assignment4loop" source="C:\Users\HP\Documents\RobotFramework\tests\TestSuit\Assignment4loop.robot">
<test id="s1-s1-s8-t1" name="Demonstrate Loop And Selenium" line="11">
<kw name="Log To Console" owner="BuiltIn">
<arg>\n--- Printing 1 to 5 ---</arg>
<doc>Logs the given message to the console.</doc>
<status status="PASS" start="2026-04-28T06:44:55.458373" elapsed="0.001667"/>
</kw>
<for flavor="IN RANGE">
<iter>
<kw name="Log To Console" owner="BuiltIn">
<arg>Current Number: ${index}</arg>
<doc>Logs the given message to the console.</doc>
<status status="PASS" start="2026-04-28T06:44:55.461248" elapsed="0.000750"/>
</kw>
<var name="${index}">1</var>
<status status="PASS" start="2026-04-28T06:44:55.461069" elapsed="0.001040"/>
</iter>
<iter>
<kw name="Log To Console" owner="BuiltIn">
<arg>Current Number: ${index}</arg>
<doc>Logs the given message to the console.</doc>
<status status="PASS" start="2026-04-28T06:44:55.462475" elapsed="0.000517"/>
</kw>
<var name="${index}">2</var>
<status status="PASS" start="2026-04-28T06:44:55.462336" elapsed="0.000744"/>
</iter>
<iter>
<kw name="Log To Console" owner="BuiltIn">
<arg>Current Number: ${index}</arg>
<doc>Logs the given message to the console.</doc>
<status status="PASS" start="2026-04-28T06:44:55.463416" elapsed="0.000536"/>
</kw>
<var name="${index}">3</var>
<status status="PASS" start="2026-04-28T06:44:55.463296" elapsed="0.000761"/>
</iter>
<iter>
<kw name="Log To Console" owner="BuiltIn">
<arg>Current Number: ${index}</arg>
<doc>Logs the given message to the console.</doc>
<status status="PASS" start="2026-04-28T06:44:55.464339" elapsed="0.000479"/>
</kw>
<var name="${index}">4</var>
<status status="PASS" start="2026-04-28T06:44:55.464227" elapsed="0.000686"/>
</iter>
<iter>
<kw name="Log To Console" owner="BuiltIn">
<arg>Current Number: ${index}</arg>
<doc>Logs the given message to the console.</doc>
<status status="PASS" start="2026-04-28T06:44:55.465228" elapsed="0.000487"/>
</kw>
<var name="${index}">5</var>
<status status="PASS" start="2026-04-28T06:44:55.465105" elapsed="0.000697"/>
</iter>
<var>${index}</var>
<value>1</value>
<value>6</value>
<status status="PASS" start="2026-04-28T06:44:55.460537" elapsed="0.005328"/>
</for>
<kw name="Log To Console" owner="BuiltIn">
<arg>\n--- Printing Even Numbers to 10 ---</arg>
<doc>Logs the given message to the console.</doc>
<status status="PASS" start="2026-04-28T06:44:55.467153" elapsed="0.000866"/>
</kw>
<for flavor="IN RANGE">
<iter>
<kw name="Log To Console" owner="BuiltIn">
<arg>Even Number: ${index}</arg>
<doc>Logs the given message to the console.</doc>
<status status="PASS" start="2026-04-28T06:44:55.468861" elapsed="0.000622"/>
</kw>
<var name="${index}">2</var>
<status status="PASS" start="2026-04-28T06:44:55.468737" elapsed="0.000885"/>
</iter>
<iter>
<kw name="Log To Console" owner="BuiltIn">
<arg>Even Number: ${index}</arg>
<doc>Logs the given message to the console.</doc>
<status status="PASS" start="2026-04-28T06:44:55.470092" elapsed="0.000816"/>
</kw>
<var name="${index}">4</var>
<status status="PASS" start="2026-04-28T06:44:55.469875" elapsed="0.001141"/>
</iter>
<iter>
<kw name="Log To Console" owner="BuiltIn">
<arg>Even Number: ${index}</arg>
<doc>Logs the given message to the console.</doc>
<status status="PASS" start="2026-04-28T06:44:55.471397" elapsed="0.000512"/>
</kw>
<var name="${index}">6</var>
<status status="PASS" start="2026-04-28T06:44:55.471276" elapsed="0.000757"/>
</iter>
<iter>
<kw name="Log To Console" owner="BuiltIn">
<arg>Even Number: ${index}</arg>
<doc>Logs the given message to the console.</doc>
<status status="PASS" start="2026-04-28T06:44:55.472642" elapsed="0.004767"/>
</kw>
<var name="${index}">8</var>
<status status="PASS" start="2026-04-28T06:44:55.472488" elapsed="0.005054"/>
</iter>
<iter>
<kw name="Log To Console" owner="BuiltIn">
<arg>Even Number: ${index}</arg>
<doc>Logs the given message to the console.</doc>
<status status="PASS" start="2026-04-28T06:44:55.478007" elapsed="0.000694"/>
</kw>
<var name="${index}">10</var>
<status status="PASS" start="2026-04-28T06:44:55.477844" elapsed="0.000978"/>
</iter>
<var>${index}</var>
<value>2</value>
<value>11</value>
<value>2</value>
<status status="PASS" start="2026-04-28T06:44:55.468414" elapsed="0.010526"/>
</for>
<kw name="Log To Console" owner="BuiltIn">
<arg>\n--- Printing From a List ---</arg>
<doc>Logs the given message to the console.</doc>
<status status="PASS" start="2026-04-28T06:44:55.479313" elapsed="0.000527"/>
</kw>
<kw name="Create List" owner="BuiltIn">
<msg time="2026-04-28T06:44:55.480657" level="INFO">@{numbers} = [ 10 | 20 | 30 ]</msg>
<var>@{numbers}</var>
<arg>10</arg>
<arg>20</arg>
<arg>30</arg>
<doc>Returns a list containing given items.</doc>
<status status="PASS" start="2026-04-28T06:44:55.480177" elapsed="0.000526"/>
</kw>
<for flavor="IN">
<iter>
<kw name="Log To Console" owner="BuiltIn">
<arg>List Value: ${val}</arg>
<doc>Logs the given message to the console.</doc>
<status status="PASS" start="2026-04-28T06:44:55.481271" elapsed="0.000473"/>
</kw>
<var name="${val}">10</var>
<status status="PASS" start="2026-04-28T06:44:55.481166" elapsed="0.000665"/>
</iter>
<iter>
<kw name="Log To Console" owner="BuiltIn">
<arg>List Value: ${val}</arg>
<doc>Logs the given message to the console.</doc>
<status status="PASS" start="2026-04-28T06:44:55.482134" elapsed="0.000546"/>
</kw>
<var name="${val}">20</var>
<status status="PASS" start="2026-04-28T06:44:55.482009" elapsed="0.000988"/>
</iter>
<iter>
<kw name="Log To Console" owner="BuiltIn">
<arg>List Value: ${val}</arg>
<doc>Logs the given message to the console.</doc>
<status status="PASS" start="2026-04-28T06:44:55.484132" elapsed="0.000685"/>
</kw>
<var name="${val}">30</var>
<status status="PASS" start="2026-04-28T06:44:55.483962" elapsed="0.001027"/>
</iter>
<var>${val}</var>
<value>@{numbers}</value>
<status status="PASS" start="2026-04-28T06:44:55.480956" elapsed="0.004146"/>
</for>
<kw name="Open Browser">
<msg time="2026-04-28T06:44:55.490526" level="FAIL">No keyword with name 'Open Browser' found.</msg>
<arg>${URL}</arg>
<arg>${BROWSER}</arg>
<status status="FAIL" start="2026-04-28T06:44:55.490434" elapsed="0.000199">No keyword with name 'Open Browser' found.</status>
</kw>
<kw name="Title Should Be">
<arg>Google</arg>
<status status="NOT RUN" start="2026-04-28T06:44:55.491144" elapsed="0.000044"/>
</kw>
<kw name="Close Browser" type="TEARDOWN">
<msg time="2026-04-28T06:44:55.493493" level="FAIL">No keyword with name 'Close Browser' found.</msg>
<status status="FAIL" start="2026-04-28T06:44:55.493423" elapsed="0.000142">No keyword with name 'Close Browser' found.</status>
</kw>
<doc>A script to show loops and basic Selenium initialization.</doc>
<status status="FAIL" start="2026-04-28T06:44:55.454194" elapsed="0.039996">No keyword with name 'Open Browser' found.

Also teardown failed:
No keyword with name 'Close Browser' found.</status>
</test>
<status status="FAIL" start="2026-04-28T06:44:55.447497" elapsed="0.047767"/>
</suite>
<suite id="s1-s1-s9" name="Assignment5" source="C:\Users\HP\Documents\RobotFramework\tests\TestSuit\Assignment5.robot">
<test id="s1-s1-s9-t1" name="Login And Validate Dashboard" line="15">
<status status="FAIL" start="2026-04-28T06:44:55.507498" elapsed="0.001336">Test cannot be empty.</status>
</test>
<test id="s1-s1-s9-t2" name="[Tags] smoke regression" line="16">
<status status="FAIL" start="2026-04-28T06:44:55.509628" elapsed="0.000911">Test cannot be empty.</status>
</test>
<test id="s1-s1-s9-t3" name="Login To Application" line="17">
<status status="FAIL" start="2026-04-28T06:44:55.511777" elapsed="0.000687">Test cannot be empty.</status>
</test>
<test id="s1-s1-s9-t4" name="Validate Login Success" line="18">
<status status="FAIL" start="2026-04-28T06:44:55.513205" elapsed="0.000591">Test cannot be empty.</status>
</test>
<test id="s1-s1-s9-t5" name="Navigation To Profile Page" line="20">
<status status="FAIL" start="2026-04-28T06:44:55.514546" elapsed="0.000489">Test cannot be empty.</status>
</test>
<test id="s1-s1-s9-t6" name="[Tags] regression" line="21">
<status status="FAIL" start="2026-04-28T06:44:55.518247" elapsed="0.001469">Test cannot be empty.</status>
</test>
<test id="s1-s1-s9-t7" name="Login To Application" line="22">
<status status="FAIL" start="2026-04-28T06:44:55.522136" elapsed="0.001361">Test cannot be empty.</status>
</test>
<test id="s1-s1-s9-t8" name="Validate Login Success" line="23">
<status status="FAIL" start="2026-04-28T06:44:55.524711" elapsed="0.006554">Test cannot be empty.</status>
</test>
<test id="s1-s1-s9-t9" name="Navigate To Section" line="24">
<status status="FAIL" start="2026-04-28T06:44:55.532149" elapsed="0.001782">Test cannot be empty.</status>
</test>
<test id="s1-s1-s9-t10" name="Validate Navigation" line="25">
<status status="FAIL" start="2026-04-28T06:44:55.535978" elapsed="0.001022">Test cannot be empty.</status>
</test>
<test id="s1-s1-s9-t11" name="Invalid Login Validation" line="27">
<status status="FAIL" start="2026-04-28T06:44:55.537780" elapsed="0.000709">Test cannot be empty.</status>
</test>
<test id="s1-s1-s9-t12" name="[Tags] negative" line="28">
<status status="FAIL" start="2026-04-28T06:44:55.539288" elapsed="0.004695">Test cannot be empty.</status>
</test>
<test id="s1-s1-s9-t13" name="Input Text ${USER_FIELD} wrong" line="29">
<status status="FAIL" start="2026-04-28T06:44:55.546111" elapsed="0.000720">Test cannot be empty.</status>
</test>
<test id="s1-s1-s9-t14" name="Input Text ${PASS_FIELD} wrong" line="30">
<status status="FAIL" start="2026-04-28T06:44:55.548427" elapsed="0.000614">Test cannot be empty.</status>
</test>
<test id="s1-s1-s9-t15" name="Click Button ${LOGIN_BTN}" line="31">
<status status="FAIL" start="2026-04-28T06:44:55.552425" elapsed="0.003332">Test cannot be empty.</status>
</test>
<test id="s1-s1-s9-t16" name="Run Keyword And Expect Error * Element Should Be Visible ${DASHBOARD}" line="32">
<status status="FAIL" start="2026-04-28T06:44:55.557514" elapsed="0.000800">Test cannot be empty.</status>
</test>
<status status="FAIL" start="2026-04-28T06:44:55.496625" elapsed="0.062632"/>
</suite>
<suite id="s1-s1-s10" name="Demo" source="C:\Users\HP\Documents\RobotFramework\tests\TestSuit\Demo.robot">
<kw name="Open Application" type="SETUP">
<msg time="2026-04-28T06:44:55.576133" level="FAIL">No keyword with name 'Open Application' found.</msg>
<status status="FAIL" start="2026-04-28T06:44:55.576045" elapsed="0.000168">No keyword with name 'Open Application' found.</status>
</kw>
<test id="s1-s1-s10-t1" name="Valid Login Test" line="18">
<tag>login</tag>
<tag>smoke</tag>
<status status="FAIL" start="2026-04-28T06:44:55.576339" elapsed="0.000589">Parent suite setup failed:
No keyword with name 'Open Application' found.</status>
</test>
<test id="s1-s1-s10-t2" name="Navigation Test" line="23">
<tag>navigation</tag>
<tag>regression</tag>
<status status="FAIL" start="2026-04-28T06:44:55.577681" elapsed="0.000541">Parent suite setup failed:
No keyword with name 'Open Application' found.</status>
</test>
<test id="s1-s1-s10-t3" name="Logout Test" line="29">
<tag>logout</tag>
<tag>regression</tag>
<status status="FAIL" start="2026-04-28T06:44:55.578942" elapsed="0.000546">Parent suite setup failed:
No keyword with name 'Open Application' found.</status>
</test>
<test id="s1-s1-s10-t4" name="Python Integration Test" line="35">
<tag>python</tag>
<tag>regression</tag>
<status status="FAIL" start="2026-04-28T06:44:55.580350" elapsed="0.000701">Parent suite setup failed:
No keyword with name 'Open Application' found.</status>
</test>
<kw name="Close Application" type="TEARDOWN">
<msg time="2026-04-28T06:44:55.584730" level="FAIL">No keyword with name 'Close Application' found.</msg>
<status status="FAIL" start="2026-04-28T06:44:55.584635" elapsed="0.000198">No keyword with name 'Close Application' found.</status>
</kw>
<status status="FAIL" start="2026-04-28T06:44:55.560288" elapsed="0.024788">Suite setup failed:
No keyword with name 'Open Application' found.

Also suite teardown failed:
No keyword with name 'Close Application' found.</status>
</suite>
<suite id="s1-s1-s11" name="MaximizeWindowAssignment1" source="C:\Users\HP\Documents\RobotFramework\tests\TestSuit\MaximizeWindowAssignment1.robot">
<test id="s1-s1-s11-t1" name="Browser And Logging Demo" line="10">
<kw name="Open Browser">
<msg time="2026-04-28T06:44:55.596836" level="FAIL">No keyword with name 'Open Browser' found.</msg>
<arg>${URL}</arg>
<arg>${BROWSER}</arg>
<status status="FAIL" start="2026-04-28T06:44:55.596768" elapsed="0.000176">No keyword with name 'Open Browser' found.</status>
</kw>
<kw name="Maximize Browser Window">
<status status="NOT RUN" start="2026-04-28T06:44:55.597845" elapsed="0.000067"/>
</kw>
<kw name="Log" owner="BuiltIn">
<arg>This message will appear in the HTML log file.</arg>
<arg>level=INFO</arg>
<doc>Logs the given message with the given level.</doc>
<status status="NOT RUN" start="2026-04-28T06:44:55.598745" elapsed="0.000075"/>
</kw>
<kw name="Log To Console" owner="BuiltIn">
<arg>This message is visible in the terminal during execution.</arg>
<doc>Logs the given message to the console.</doc>
<status status="NOT RUN" start="2026-04-28T06:44:55.599443" elapsed="0.000081"/>
</kw>
<kw name="Page Should Contain Element">
<arg>name=q</arg>
<status status="NOT RUN" start="2026-04-28T06:44:55.600917" elapsed="0.000070"/>
</kw>
<kw name="Log" owner="BuiltIn">
<arg>Verified search bar is present.</arg>
<doc>Logs the given message with the given level.</doc>
<status status="NOT RUN" start="2026-04-28T06:44:55.601562" elapsed="0.000087"/>
</kw>
<kw name="Close Browser" type="TEARDOWN">
<msg time="2026-04-28T06:44:55.603179" level="FAIL">No keyword with name 'Close Browser' found.</msg>
<status status="FAIL" start="2026-04-28T06:44:55.603106" elapsed="0.000178">No keyword with name 'Close Browser' found.</status>
</kw>
<status status="FAIL" start="2026-04-28T06:44:55.595381" elapsed="0.008463">No keyword with name 'Open Browser' found.

Also teardown failed:
No keyword with name 'Close Browser' found.</status>
</test>
<status status="FAIL" start="2026-04-28T06:44:55.589606" elapsed="0.019440"/>
</suite>
<suite id="s1-s1-s12" name="TestSuit" source="C:\Users\HP\Documents\RobotFramework\tests\TestSuit\TestSuit.robot">
<test id="s1-s1-s12-t1" name="Login With External Data" line="8">
<kw name="Open Browser">
<msg time="2026-04-28T06:44:55.622029" level="FAIL">No keyword with name 'Open Browser' found.</msg>
<arg>${URL}</arg>
<arg>${BROWSER}</arg>
<status status="FAIL" start="2026-04-28T06:44:55.621921" elapsed="0.000328">No keyword with name 'Open Browser' found.</status>
</kw>
<kw name="Input Text">
<arg>id:username</arg>
<arg>${VALID_USER}</arg>
<status status="NOT RUN" start="2026-04-28T06:44:55.626121" elapsed="0.000078"/>
</kw>
<kw name="Input Password">
<arg>id:password</arg>
<arg>${VALID_PASS}</arg>
<status status="NOT RUN" start="2026-04-28T06:44:55.627378" elapsed="0.000066"/>
</kw>
<kw name="Click Button">
<arg>css:button[type='submit']</arg>
<status status="NOT RUN" start="2026-04-28T06:44:55.627888" elapsed="0.000046"/>
</kw>
<kw name="Page Should Contain">
<arg>You logged into a secure area!</arg>
<status status="NOT RUN" start="2026-04-28T06:44:55.628303" elapsed="0.000036"/>
</kw>
<kw name="Close Browser" type="TEARDOWN">
<msg time="2026-04-28T06:44:55.630004" level="FAIL">No keyword with name 'Close Browser' found.</msg>
<status status="FAIL" start="2026-04-28T06:44:55.629953" elapsed="0.000125">No keyword with name 'Close Browser' found.</status>
</kw>
<status status="FAIL" start="2026-04-28T06:44:55.619515" elapsed="0.010799">No keyword with name 'Open Browser' found.

Also teardown failed:
No keyword with name 'Close Browser' found.</status>
</test>
<status status="FAIL" start="2026-04-28T06:44:55.610299" elapsed="0.020910"/>
</suite>
<status status="FAIL" start="2026-04-28T06:44:55.095919" elapsed="0.538679"/>
</suite>
<status status="FAIL" start="2026-04-28T06:44:55.008705" elapsed="0.628516"/>
</suite>
<statistics>
<total>
<stat pass="0" fail="39" skip="0">All Tests</stat>
</total>
<tag>
<stat pass="0" fail="1" skip="0">login</stat>
<stat pass="0" fail="1" skip="0">logout</stat>
<stat pass="0" fail="1" skip="0">navigation</stat>
<stat pass="0" fail="1" skip="0">python</stat>
<stat pass="0" fail="3" skip="0">regression</stat>
<stat pass="0" fail="1" skip="0">smoke</stat>
</tag>
<suite>
<stat name="Tests" id="s1" pass="0" fail="39" skip="0">Tests</stat>
<stat name="TestSuit" id="s1-s1" pass="0" fail="39" skip="0">Tests.TestSuit</stat>
<stat name="Assignment1" id="s1-s1-s1" pass="0" fail="1" skip="0">Tests.TestSuit.Assignment1</stat>
<stat name="Assignment2" id="s1-s1-s2" pass="0" fail="8" skip="0">Tests.TestSuit.Assignment2</stat>
<stat name="Assignment3" id="s1-s1-s3" pass="0" fail="1" skip="0">Tests.TestSuit.Assignment3</stat>
<stat name="Assignment3Handledropdownandframes" id="s1-s1-s4" pass="0" fail="3" skip="0">Tests.TestSuit.Assignment3Handledropdownandframes</stat>
<stat name="Assignment4allkeywords" id="s1-s1-s5" pass="0" fail="1" skip="0">Tests.TestSuit.Assignment4allkeywords</stat>
<stat name="Assignment4createdirectoryandcopyfiles" id="s1-s1-s6" pass="0" fail="1" skip="0">Tests.TestSuit.Assignment4createdirectoryandcopyfiles</stat>
<stat name="Assignment4HandleFailure" id="s1-s1-s7" pass="0" fail="1" skip="0">Tests.TestSuit.Assignment4HandleFailure</stat>
<stat name="Assignment4loop" id="s1-s1-s8" pass="0" fail="1" skip="0">Tests.TestSuit.Assignment4loop</stat>
<stat name="Assignment5" id="s1-s1-s9" pass="0" fail="16" skip="0">Tests.TestSuit.Assignment5</stat>
<stat name="Demo" id="s1-s1-s10" pass="0" fail="4" skip="0">Tests.TestSuit.Demo</stat>
<stat name="MaximizeWindowAssignment1" id="s1-s1-s11" pass="0" fail="1" skip="0">Tests.TestSuit.MaximizeWindowAssignment1</stat>
<stat name="TestSuit" id="s1-s1-s12" pass="0" fail="1" skip="0">Tests.TestSuit.TestSuit</stat>
</suite>
</statistics>
<errors>
<msg time="2026-04-28T06:44:54.914906" level="ERROR">Error in file 'C:\Users\HP\Documents\RobotFramework\tests\TestSuit\Assignment1.robot' on line 4: Non-existing setting 'Test Teardown Capture Page Screenshot'.</msg>
<msg time="2026-04-28T06:44:54.919431" level="ERROR">Error in file 'C:\Users\HP\Documents\RobotFramework\tests\TestSuit\Assignment2.robot' on line 3: Non-existing setting 'Test Teardown Capture Page Screenshot'.</msg>
<msg time="2026-04-28T06:44:54.919774" level="ERROR">Error in file 'C:\Users\HP\Documents\RobotFramework\tests\TestSuit\Assignment2.robot' on line 5: Non-existing setting 'Resource ../resources/keywords.robot'.</msg>
<msg time="2026-04-28T06:44:54.919974" level="ERROR">Error in file 'C:\Users\HP\Documents\RobotFramework\tests\TestSuit\Assignment2.robot' on line 6: Non-existing setting 'Resource ../resources/variables.robot'.</msg>
<msg time="2026-04-28T06:44:54.920129" level="ERROR">Error in file 'C:\Users\HP\Documents\RobotFramework\tests\TestSuit\Assignment2.robot' on line 8: Non-existing setting 'Suite Setup Open Application'.</msg>
<msg time="2026-04-28T06:44:54.920287" level="ERROR">Error in file 'C:\Users\HP\Documents\RobotFramework\tests\TestSuit\Assignment2.robot' on line 9: Non-existing setting 'Suite Teardown Close Application'.</msg>
<msg time="2026-04-28T06:44:54.923761" level="ERROR">Error in file 'C:\Users\HP\Documents\RobotFramework\tests\TestSuit\Assignment3.robot' on line 3: Non-existing setting 'Test Teardown Capture Page Screenshot'.</msg>
<msg time="2026-04-28T06:44:54.936745" level="ERROR">Error in file 'C:\Users\HP\Documents\RobotFramework\tests\TestSuit\Assignment3Handledropdownandframes.robot' on line 3: Non-existing setting 'Test Teardown Capture Page Screenshot'.</msg>
<msg time="2026-04-28T06:44:54.942583" level="ERROR">Error in file 'C:\Users\HP\Documents\RobotFramework\tests\TestSuit\Assignment4allkeywords.robot' on line 4: Non-existing setting 'Test Teardown Capture Page Screenshot'.</msg>
<msg time="2026-04-28T06:44:54.951492" level="ERROR">Error in file 'C:\Users\HP\Documents\RobotFramework\tests\TestSuit\Assignment4createdirectoryandcopyfiles.robot' on line 3: Non-existing setting 'Test Teardown Capture Page Screenshot'.</msg>
<msg time="2026-04-28T06:44:54.959487" level="ERROR">Error in file 'C:\Users\HP\Documents\RobotFramework\tests\TestSuit\Assignment4HandleFailure.robot' on line 3: Non-existing setting 'Test Teardown Capture Page Screenshot'.</msg>
<msg time="2026-04-28T06:44:54.964270" level="ERROR">Error in file 'C:\Users\HP\Documents\RobotFramework\tests\TestSuit\Assignment4loop.robot' on line 3: Non-existing setting 'Test Teardown Capture Page Screenshot'.</msg>
<msg time="2026-04-28T06:44:54.970128" level="ERROR">Error in file 'C:\Users\HP\Documents\RobotFramework\tests\TestSuit\Assignment5.robot' on line 3: Non-existing setting 'Test Teardown Capture Page Screenshot'.</msg>
<msg time="2026-04-28T06:44:54.970316" level="ERROR">Error in file 'C:\Users\HP\Documents\RobotFramework\tests\TestSuit\Assignment5.robot' on line 5: Non-existing setting 'Resource ../resources/keywords.robot'.</msg>
<msg time="2026-04-28T06:44:54.970509" level="ERROR">Error in file 'C:\Users\HP\Documents\RobotFramework\tests\TestSuit\Assignment5.robot' on line 6: Non-existing setting 'Resource ../resources/variables.robot'.</msg>
<msg time="2026-04-28T06:44:54.970664" level="ERROR">Error in file 'C:\Users\HP\Documents\RobotFramework\tests\TestSuit\Assignment5.robot' on line 8: Non-existing setting 'Suite Setup Open Application'.</msg>
<msg time="2026-04-28T06:44:54.970853" level="ERROR">Error in file 'C:\Users\HP\Documents\RobotFramework\tests\TestSuit\Assignment5.robot' on line 9: Non-existing setting 'Suite Teardown Close Application'.</msg>
<msg time="2026-04-28T06:44:54.971082" level="ERROR">Error in file 'C:\Users\HP\Documents\RobotFramework\tests\TestSuit\Assignment5.robot' on line 10: Non-existing setting 'Test Setup Log To Console Starting Test'.</msg>
<msg time="2026-04-28T06:44:54.971292" level="ERROR">Error in file 'C:\Users\HP\Documents\RobotFramework\tests\TestSuit\Assignment5.robot' on line 11: Non-existing setting 'Test Teardown Capture Evidence'.</msg>
<msg time="2026-04-28T06:44:54.978584" level="ERROR">Error in file 'C:\Users\HP\Documents\RobotFramework\tests\TestSuit\Demo.robot' on line 3: Non-existing setting 'Test Teardown Capture Page Screenshot'.</msg>
<msg time="2026-04-28T06:44:54.984899" level="ERROR">Error in file 'C:\Users\HP\Documents\RobotFramework\tests\TestSuit\MaximizeWindowAssignment1.robot' on line 3: Non-existing setting 'Test Teardown Capture Page Screenshot'.</msg>
<msg time="2026-04-28T06:44:54.990047" level="ERROR">Error in file 'C:\Users\HP\Documents\RobotFramework\tests\TestSuit\TestSuit.robot' on line 3: Non-existing setting 'Test Teardown Capture Page Screenshot'.</msg>
<msg time="2026-04-28T06:44:55.102731" level="ERROR">Error in file 'C:\Users\HP\Documents\RobotFramework\tests\TestSuit\Assignment1.robot' on line 3: Importing library 'SeleniumLibrary screenshot_root_directory=results/screenshots' failed: ModuleNotFoundError: No module named 'SeleniumLibrary screenshot_root_directory=results/screenshots'
Traceback (most recent call last):
  None
PYTHONPATH:
  C:\Users\HP\Documents\RobotFramework\rf_env\Scripts\robot.exe
  C:\Users\HP\AppData\Local\Python\pythoncore-3.14-64\python314.zip
  C:\Users\HP\AppData\Local\Python\pythoncore-3.14-64\DLLs
  C:\Users\HP\AppData\Local\Python\pythoncore-3.14-64\Lib
  C:\Users\HP\AppData\Local\Python\pythoncore-3.14-64
  C:\Users\HP\Documents\RobotFramework\rf_env
  C:\Users\HP\Documents\RobotFramework\rf_env\Lib\site-packages</msg>
<msg time="2026-04-28T06:44:55.151911" level="ERROR">Error in file 'C:\Users\HP\Documents\RobotFramework\tests\TestSuit\Assignment2.robot' on line 2: Importing library 'SeleniumLibrary screenshot_root_directory=results/screenshots' failed: ModuleNotFoundError: No module named 'SeleniumLibrary screenshot_root_directory=results/screenshots'
Traceback (most recent call last):
  None
PYTHONPATH:
  C:\Users\HP\Documents\RobotFramework\rf_env\Scripts\robot.exe
  C:\Users\HP\AppData\Local\Python\pythoncore-3.14-64\python314.zip
  C:\Users\HP\AppData\Local\Python\pythoncore-3.14-64\DLLs
  C:\Users\HP\AppData\Local\Python\pythoncore-3.14-64\Lib
  C:\Users\HP\AppData\Local\Python\pythoncore-3.14-64
  C:\Users\HP\Documents\RobotFramework\rf_env
  C:\Users\HP\Documents\RobotFramework\rf_env\Lib\site-packages</msg>
<msg time="2026-04-28T06:44:55.174249" level="WARN">Multiple tests with name 'Validate Login Page Elements' executed in suite 'Tests.TestSuit.Assignment2'.</msg>
<msg time="2026-04-28T06:44:55.186641" level="ERROR">Error in file 'C:\Users\HP\Documents\RobotFramework\tests\TestSuit\Assignment3.robot' on line 2: Importing library 'SeleniumLibrary screenshot_root_directory=results/screenshots' failed: ModuleNotFoundError: No module named 'SeleniumLibrary screenshot_root_directory=results/screenshots'
Traceback (most recent call last):
  None
PYTHONPATH:
  C:\Users\HP\Documents\RobotFramework\rf_env\Scripts\robot.exe
  C:\Users\HP\AppData\Local\Python\pythoncore-3.14-64\python314.zip
  C:\Users\HP\AppData\Local\Python\pythoncore-3.14-64\DLLs
  C:\Users\HP\AppData\Local\Python\pythoncore-3.14-64\Lib
  C:\Users\HP\AppData\Local\Python\pythoncore-3.14-64
  C:\Users\HP\Documents\RobotFramework\rf_env
  C:\Users\HP\Documents\RobotFramework\rf_env\Lib\site-packages</msg>
<msg time="2026-04-28T06:44:55.220432" level="ERROR">Error in file 'C:\Users\HP\Documents\RobotFramework\tests\TestSuit\Assignment3Handledropdownandframes.robot' on line 2: Importing library 'SeleniumLibrary screenshot_root_directory=results/screenshots' failed: ModuleNotFoundError: No module named 'SeleniumLibrary screenshot_root_directory=results/screenshots'
Traceback (most recent call last):
  None
PYTHONPATH:
  C:\Users\HP\Documents\RobotFramework\rf_env\Scripts\robot.exe
  C:\Users\HP\AppData\Local\Python\pythoncore-3.14-64\python314.zip
  C:\Users\HP\AppData\Local\Python\pythoncore-3.14-64\DLLs
  C:\Users\HP\AppData\Local\Python\pythoncore-3.14-64\Lib
  C:\Users\HP\AppData\Local\Python\pythoncore-3.14-64
  C:\Users\HP\Documents\RobotFramework\rf_env
  C:\Users\HP\Documents\RobotFramework\rf_env\Lib\site-packages</msg>
<msg time="2026-04-28T06:44:55.284501" level="ERROR">Error in file 'C:\Users\HP\Documents\RobotFramework\tests\TestSuit\Assignment4allkeywords.robot' on line 3: Importing library 'SeleniumLibrary screenshot_root_directory=results/screenshots' failed: ModuleNotFoundError: No module named 'SeleniumLibrary screenshot_root_directory=results/screenshots'
Traceback (most recent call last):
  None
PYTHONPATH:
  C:\Users\HP\Documents\RobotFramework\rf_env\Scripts\robot.exe
  C:\Users\HP\AppData\Local\Python\pythoncore-3.14-64\python314.zip
  C:\Users\HP\AppData\Local\Python\pythoncore-3.14-64\DLLs
  C:\Users\HP\AppData\Local\Python\pythoncore-3.14-64\Lib
  C:\Users\HP\AppData\Local\Python\pythoncore-3.14-64
  C:\Users\HP\Documents\RobotFramework\rf_env
  C:\Users\HP\Documents\RobotFramework\rf_env\Lib\site-packages</msg>
<msg time="2026-04-28T06:44:55.324130" level="ERROR">Error in file 'C:\Users\HP\Documents\RobotFramework\tests\TestSuit\Assignment4createdirectoryandcopyfiles.robot' on line 2: Importing library 'SeleniumLibrary screenshot_root_directory=results/screenshots' failed: ModuleNotFoundError: No module named 'SeleniumLibrary screenshot_root_directory=results/screenshots'
Traceback (most recent call last):
  None
PYTHONPATH:
  C:\Users\HP\Documents\RobotFramework\rf_env\Scripts\robot.exe
  C:\Users\HP\AppData\Local\Python\pythoncore-3.14-64\python314.zip
  C:\Users\HP\AppData\Local\Python\pythoncore-3.14-64\DLLs
  C:\Users\HP\AppData\Local\Python\pythoncore-3.14-64\Lib
  C:\Users\HP\AppData\Local\Python\pythoncore-3.14-64
  C:\Users\HP\Documents\RobotFramework\rf_env
  C:\Users\HP\Documents\RobotFramework\rf_env\Lib\site-packages</msg>
<msg time="2026-04-28T06:44:55.428408" level="ERROR">Error in file 'C:\Users\HP\Documents\RobotFramework\tests\TestSuit\Assignment4HandleFailure.robot' on line 2: Importing library 'SeleniumLibrary screenshot_root_directory=results/screenshots' failed: ModuleNotFoundError: No module named 'SeleniumLibrary screenshot_root_directory=results/screenshots'
Traceback (most recent call last):
  None
PYTHONPATH:
  C:\Users\HP\Documents\RobotFramework\rf_env\Scripts\robot.exe
  C:\Users\HP\AppData\Local\Python\pythoncore-3.14-64\python314.zip
  C:\Users\HP\AppData\Local\Python\pythoncore-3.14-64\DLLs
  C:\Users\HP\AppData\Local\Python\pythoncore-3.14-64\Lib
  C:\Users\HP\AppData\Local\Python\pythoncore-3.14-64
  C:\Users\HP\Documents\RobotFramework\rf_env
  C:\Users\HP\Documents\RobotFramework\rf_env\Lib\site-packages</msg>
<msg time="2026-04-28T06:44:55.452745" level="ERROR">Error in file 'C:\Users\HP\Documents\RobotFramework\tests\TestSuit\Assignment4loop.robot' on line 2: Importing library 'SeleniumLibrary screenshot_root_directory=results/screenshots' failed: ModuleNotFoundError: No module named 'SeleniumLibrary screenshot_root_directory=results/screenshots'
Traceback (most recent call last):
  None
PYTHONPATH:
  C:\Users\HP\Documents\RobotFramework\rf_env\Scripts\robot.exe
  C:\Users\HP\AppData\Local\Python\pythoncore-3.14-64\python314.zip
  C:\Users\HP\AppData\Local\Python\pythoncore-3.14-64\DLLs
  C:\Users\HP\AppData\Local\Python\pythoncore-3.14-64\Lib
  C:\Users\HP\AppData\Local\Python\pythoncore-3.14-64
  C:\Users\HP\Documents\RobotFramework\rf_env
  C:\Users\HP\Documents\RobotFramework\rf_env\Lib\site-packages</msg>
<msg time="2026-04-28T06:44:55.504222" level="ERROR">Error in file 'C:\Users\HP\Documents\RobotFramework\tests\TestSuit\Assignment5.robot' on line 2: Importing library 'SeleniumLibrary screenshot_root_directory=results/screenshots' failed: ModuleNotFoundError: No module named 'SeleniumLibrary screenshot_root_directory=results/screenshots'
Traceback (most recent call last):
  None
PYTHONPATH:
  C:\Users\HP\Documents\RobotFramework\rf_env\Scripts\robot.exe
  C:\Users\HP\AppData\Local\Python\pythoncore-3.14-64\python314.zip
  C:\Users\HP\AppData\Local\Python\pythoncore-3.14-64\DLLs
  C:\Users\HP\AppData\Local\Python\pythoncore-3.14-64\Lib
  C:\Users\HP\AppData\Local\Python\pythoncore-3.14-64
  C:\Users\HP\Documents\RobotFramework\rf_env
  C:\Users\HP\Documents\RobotFramework\rf_env\Lib\site-packages</msg>
<msg time="2026-04-28T06:44:55.522229" level="WARN">Multiple tests with name 'Login To Application' executed in suite 'Tests.TestSuit.Assignment5'.</msg>
<msg time="2026-04-28T06:44:55.524797" level="WARN">Multiple tests with name 'Validate Login Success' executed in suite 'Tests.TestSuit.Assignment5'.</msg>
<msg time="2026-04-28T06:44:55.563886" level="ERROR">Error in file 'C:\Users\HP\Documents\RobotFramework\tests\TestSuit\Demo.robot' on line 2: Importing library 'SeleniumLibrary screenshot_root_directory=results/screenshots' failed: ModuleNotFoundError: No module named 'SeleniumLibrary screenshot_root_directory=results/screenshots'
Traceback (most recent call last):
  None
PYTHONPATH:
  C:\Users\HP\Documents\RobotFramework\rf_env\Scripts\robot.exe
  C:\Users\HP\AppData\Local\Python\pythoncore-3.14-64\python314.zip
  C:\Users\HP\AppData\Local\Python\pythoncore-3.14-64\DLLs
  C:\Users\HP\AppData\Local\Python\pythoncore-3.14-64\Lib
  C:\Users\HP\AppData\Local\Python\pythoncore-3.14-64
  C:\Users\HP\Documents\RobotFramework\rf_env
  C:\Users\HP\Documents\RobotFramework\rf_env\Lib\site-packages</msg>
<msg time="2026-04-28T06:44:55.570012" level="ERROR">Error in file 'C:\Users\HP\Documents\RobotFramework\tests\TestSuit\Demo.robot' on line 5: Importing library 'C:\Users\HP\Documents\RobotFramework\libraries\utils.py' failed: ModuleNotFoundError: No module named 'utils'
Traceback (most recent call last):
  None
PYTHONPATH:
  C:\Users\HP\Documents\RobotFramework\libraries
  C:\Users\HP\Documents\RobotFramework\rf_env\Scripts\robot.exe
  C:\Users\HP\AppData\Local\Python\pythoncore-3.14-64\python314.zip
  C:\Users\HP\AppData\Local\Python\pythoncore-3.14-64\DLLs
  C:\Users\HP\AppData\Local\Python\pythoncore-3.14-64\Lib
  C:\Users\HP\AppData\Local\Python\pythoncore-3.14-64
  C:\Users\HP\Documents\RobotFramework\rf_env
  C:\Users\HP\Documents\RobotFramework\rf_env\Lib\site-packages</msg>
<msg time="2026-04-28T06:44:55.572925" level="ERROR">Error in file 'C:\Users\HP\Documents\RobotFramework\tests\TestSuit\Demo.robot' on line 6: Resource file '..\resources\keywords.robot' does not exist.</msg>
<msg time="2026-04-28T06:44:55.593791" level="ERROR">Error in file 'C:\Users\HP\Documents\RobotFramework\tests\TestSuit\MaximizeWindowAssignment1.robot' on line 2: Importing library 'SeleniumLibrary screenshot_root_directory=results/screenshots' failed: ModuleNotFoundError: No module named 'SeleniumLibrary screenshot_root_directory=results/screenshots'
Traceback (most recent call last):
  None
PYTHONPATH:
  C:\Users\HP\Documents\RobotFramework\rf_env\Scripts\robot.exe
  C:\Users\HP\AppData\Local\Python\pythoncore-3.14-64\python314.zip
  C:\Users\HP\AppData\Local\Python\pythoncore-3.14-64\DLLs
  C:\Users\HP\AppData\Local\Python\pythoncore-3.14-64\Lib
  C:\Users\HP\AppData\Local\Python\pythoncore-3.14-64
  C:\Users\HP\Documents\RobotFramework\rf_env
  C:\Users\HP\Documents\RobotFramework\rf_env\Lib\site-packages</msg>
<msg time="2026-04-28T06:44:55.614683" level="ERROR">Error in file 'C:\Users\HP\Documents\RobotFramework\tests\TestSuit\TestSuit.robot' on line 2: Importing library 'SeleniumLibrary screenshot_root_directory=results/screenshots' failed: ModuleNotFoundError: No module named 'SeleniumLibrary screenshot_root_directory=results/screenshots'
Traceback (most recent call last):
  None
PYTHONPATH:
  C:\Users\HP\Documents\RobotFramework\rf_env\Scripts\robot.exe
  C:\Users\HP\AppData\Local\Python\pythoncore-3.14-64\python314.zip
  C:\Users\HP\AppData\Local\Python\pythoncore-3.14-64\DLLs
  C:\Users\HP\AppData\Local\Python\pythoncore-3.14-64\Lib
  C:\Users\HP\AppData\Local\Python\pythoncore-3.14-64
  C:\Users\HP\Documents\RobotFramework\rf_env
  C:\Users\HP\Documents\RobotFramework\rf_env\Lib\site-packages</msg>
<msg time="2026-04-28T06:44:55.617087" level="ERROR">Error in file 'C:\Users\HP\Documents\RobotFramework\tests\TestSuit\TestSuit.robot' on line 5: Variable file 'test_data.py' does not exist.</msg>
</errors>
</robot>
